2022-02-27 17:08:44 - Starting bot...
2022-02-27 17:08:44 - Commands: 

 /print 
 /map 
 /bcoin 
 /id 
 /donation 
 /heroes 
 /AllWork 
 /Restart 
 /AllRest 
 /refresh 
 /Pause - Pause bot for 30min 
 /stop - Stop bot
2022-02-27 17:08:44 - Multi Account BETA is available. enable in config.yaml and Run: python index.py for tests.
2022-02-27 17:08:45 - Search for heroes to work
2022-02-27 17:08:50 - Sending heroes with green stamina bar to work!
2022-02-27 17:09:04 - 0 total heroes sent since the bot started
2022-02-27 19:49:41 - Starting bot...
2022-02-27 19:49:41 - Commands: 

 /print 
 /map 
 /bcoin 
 /id 
 /donation 
 /heroes 
 /AllWork 
 /Restart 
 /AllRest 
 /refresh 
 /Pause - Pause bot for 30min 
 /stop - Stop bot
2022-02-27 19:49:41 - Multi Account BETA is available. enable in config.yaml and Run: python index.py for tests.
2022-02-27 19:50:00 - Search for heroes to work
2022-02-27 19:51:11 - Starting bot...
2022-02-27 19:51:11 - Commands: 

 /print 
 /map 
 /bcoin 
 /id 
 /donation 
 /heroes 
 /AllWork 
 /Restart 
 /AllRest 
 /refresh 
 /Pause - Pause bot for 30min 
 /stop - Stop bot
2022-02-27 19:51:11 - Multi Account BETA is available. enable in config.yaml and Run: python index.py for tests.
2022-02-27 19:51:23 - Search for heroes to work
2022-02-27 19:51:28 - Sending heroes with green stamina bar to work!
2022-02-27 19:54:20 - Starting bot...
2022-02-27 19:54:20 - Commands: 

 /print 
 /map 
 /bcoin 
 /id 
 /donation 
 /heroes 
 /AllWork 
 /Restart 
 /AllRest 
 /refresh 
 /Pause - Pause bot for 30min 
 /stop - Stop bot
2022-02-27 19:54:20 - Multi Account BETA is available. enable in config.yaml and Run: python index.py for tests.
2022-02-27 19:54:21 - Search for heroes to work
2022-02-27 19:54:26 - Sending heroes with green stamina bar to work!
2022-02-27 19:54:51 - Starting bot...
2022-02-27 19:54:51 - Commands: 

 /print 
 /map 
 /bcoin 
 /id 
 /donation 
 /heroes 
 /AllWork 
 /Restart 
 /AllRest 
 /refresh 
 /Pause - Pause bot for 30min 
 /stop - Stop bot
2022-02-27 19:54:51 - Multi Account BETA is available. enable in config.yaml and Run: python index.py for tests.
2022-02-27 19:55:01 - Search for heroes to work
2022-02-27 20:02:04 - Starting bot...
2022-02-27 20:02:04 - Commands: 

 /print 
 /map 
 /bcoin 
 /id 
 /donation 
 /heroes 
 /AllWork 
 /Restart 
 /AllRest 
 /refresh 
 /Pause - Pause bot for 30min 
 /stop - Stop bot
2022-02-27 20:02:04 - Multi Account BETA is available. enable in config.yaml and Run: python index.py for tests.
2022-02-27 20:03:36 - Starting bot...
2022-02-27 20:03:36 - Commands: 

 /print 
 /map 
 /bcoin 
 /id 
 /donation 
 /heroes 
 /AllWork 
 /Restart 
 /AllRest 
 /refresh 
 /Pause - Pause bot for 30min 
 /stop - Stop bot
2022-02-27 20:03:36 - Multi Account BETA is available. enable in config.yaml and Run: python index.py for tests.
2022-02-27 20:03:39 - Search for heroes to work
2022-02-27 20:04:21 - Sending heroes with green stamina bar to work!
2022-02-27 20:04:38 - 0 total heroes sent since the bot started
2022-02-27 20:05:50 - Starting bot...
2022-02-27 20:05:50 - Commands: 

 /print 
 /map 
 /bcoin 
 /id 
 /donation 
 /heroes 
 /AllWork 
 /Restart 
 /AllRest 
 /refresh 
 /Pause - Pause bot for 30min 
 /stop - Stop bot
2022-02-27 20:05:50 - Multi Account BETA is available. enable in config.yaml and Run: python index.py for tests.
2022-02-27 20:05:54 - Search for heroes to work
2022-02-27 20:06:36 - Sending heroes with green stamina bar to work!
2022-02-27 20:06:55 - 0 total heroes sent since the bot started
2022-02-27 20:08:06 - Starting bot...
2022-02-27 20:08:06 - Commands: 

 /print 
 /map 
 /bcoin 
 /id 
 /donation 
 /heroes 
 /AllWork 
 /Restart 
 /AllRest 
 /refresh 
 /Pause - Pause bot for 30min 
 /stop - Stop bot
2022-02-27 20:08:06 - Multi Account BETA is available. enable in config.yaml and Run: python index.py for tests.
2022-02-27 20:08:10 - Search for heroes to work
2022-02-27 20:09:35 - Sending heroes with green stamina bar to work!
2022-02-27 20:09:50 - 0 total heroes sent since the bot started
2022-02-27 20:16:48 - Starting bot...
2022-02-27 20:16:48 - Commands: 

 /print 
 /map 
 /bcoin 
 /id 
 /donation 
 /heroes 
 /AllWork 
 /Restart 
 /AllRest 
 /refresh 
 /Pause - Pause bot for 30min 
 /stop - Stop bot
2022-02-27 20:16:48 - Multi Account BETA is available. enable in config.yaml and Run: python index.py for tests.
2022-02-27 20:16:50 - Search for heroes to work
2022-02-27 20:16:53 - Sending heroes with green stamina bar to work!
2022-02-27 20:17:05 - 0 total heroes sent since the bot started
2022-02-27 20:22:22 - Starting bot...
2022-02-27 20:22:22 - Commands: 

 /print 
 /map 
 /bcoin 
 /id 
 /donation 
 /heroes 
 /AllWork 
 /Restart 
 /AllRest 
 /refresh 
 /Pause - Pause bot for 30min 
 /stop - Stop bot
2022-02-27 20:22:22 - Multi Account BETA is available. enable in config.yaml and Run: python index.py for tests.
2022-02-27 20:22:25 - Search for heroes to work
2022-02-27 20:22:28 - Sending heroes with green stamina bar to work!
2022-02-27 20:22:41 - 0 total heroes sent since the bot started
2022-02-27 20:37:06 - Starting bot...
2022-02-27 20:37:06 - Commands: 

 /print 
 /map 
 /bcoin 
 /id 
 /donation 
 /heroes 
 /AllWork 
 /Restart 
 /AllRest 
 /refresh 
 /Pause - Pause bot for 30min 
 /stop - Stop bot
2022-02-27 20:37:06 - Multi Account BETA is available. enable in config.yaml and Run: python index.py for tests.
2022-02-27 20:37:08 - Search for heroes to work
2022-02-27 20:37:11 - Sending heroes with green stamina bar to work!
2022-02-27 20:37:25 - 0 total heroes sent since the bot started
2022-02-27 20:37:32 - Logout detected
2022-02-27 20:37:32 - Refreshing page
2022-02-27 20:37:46 - Login failed, trying again
2022-02-27 20:37:49 - Connect wallet button detected, logging in!
2022-02-27 20:38:28 - Login failed, trying again
2022-02-27 20:38:30 - Connect wallet button detected, logging in!
2022-02-27 20:38:40 - Login failed, trying again
2022-02-27 20:38:53 - Login failed, trying again
2022-02-27 20:38:53 - +3 login attempts, retrying
2022-02-27 20:39:05 - Connect wallet button detected, logging in!
2022-02-27 20:39:43 - Logged in
2022-02-27 20:42:01 - Starting bot...
2022-02-27 20:42:01 - Commands: 

 /print 
 /map 
 /bcoin 
 /id 
 /donation 
 /heroes 
 /AllWork 
 /Restart 
 /AllRest 
 /refresh 
 /Pause - Pause bot for 30min 
 /stop - Stop bot
2022-02-27 20:42:01 - Multi Account BETA is available. enable in config.yaml and Run: python index.py for tests.
2022-02-27 20:42:03 - Search for heroes to work
2022-02-27 20:42:42 - Sending heroes with green stamina bar to work!
2022-02-27 20:42:53 - 0 total heroes sent since the bot started
2022-02-27 20:48:26 - Starting bot...
2022-02-27 20:48:26 - Commands: 

 /print 
 /map 
 /bcoin 
 /id 
 /donation 
 /heroes 
 /AllWork 
 /Restart 
 /AllRest 
 /refresh 
 /Pause - Pause bot for 30min 
 /stop - Stop bot
2022-02-27 20:48:26 - Multi Account BETA is available. enable in config.yaml and Run: python index.py for tests.
2022-02-27 20:48:28 - Search for heroes to work
2022-02-27 20:48:31 - Sending heroes with green stamina bar to work!
2022-02-27 20:48:44 - 0 total heroes sent since the bot started
2022-02-27 20:51:24 - Starting bot...
2022-02-27 20:51:24 - Commands: 

 /print 
 /map 
 /bcoin 
 /id 
 /donation 
 /heroes 
 /AllWork 
 /Restart 
 /AllRest 
 /refresh 
 /Pause - Pause bot for 30min 
 /stop - Stop bot
2022-02-27 20:51:24 - Multi Account BETA is available. enable in config.yaml and Run: python index.py for tests.
2022-02-27 20:51:27 - Search for heroes to work
2022-02-27 20:52:16 - Logout detected
2022-02-27 20:52:16 - Refreshing page
2022-02-27 20:52:20 - Connect wallet button detected, logging in!
2022-02-27 20:52:34 - Login failed, trying again
2022-02-27 20:52:46 - Login failed, trying again
2022-02-27 20:52:57 - Login failed, trying again
2022-02-27 20:53:09 - Login failed, trying again
2022-02-27 20:53:09 - +3 login attempts, retrying
2022-02-27 20:53:21 - Connect wallet button detected, logging in!
2022-02-27 20:53:59 - Logged in
2022-02-27 20:54:00 - Sending heroes with green stamina bar to work!
2022-02-27 20:54:15 - 0 total heroes sent since the bot started
2022-02-27 21:01:19 - Starting bot...
2022-02-27 21:01:19 - Commands: 

 /print 
 /map 
 /bcoin 
 /id 
 /donation 
 /heroes 
 /AllWork 
 /Restart 
 /AllRest 
 /refresh 
 /Pause - Pause bot for 30min 
 /stop - Stop bot
2022-02-27 21:01:19 - Multi Account BETA is available. enable in config.yaml and Run: python index.py for tests.
2022-02-27 21:01:21 - Search for heroes to work
2022-02-27 21:01:24 - Sending heroes with green stamina bar to work!
2022-02-27 21:01:36 - 0 total heroes sent since the bot started
2022-02-27 21:03:38 - Starting bot...
2022-02-27 21:03:38 - Commands: 

 /print 
 /map 
 /bcoin 
 /id 
 /donation 
 /heroes 
 /AllWork 
 /Restart 
 /AllRest 
 /refresh 
 /Pause - Pause bot for 30min 
 /stop - Stop bot
2022-02-27 21:03:38 - Multi Account BETA is available. enable in config.yaml and Run: python index.py for tests.
2022-02-27 21:03:40 - Search for heroes to work
2022-02-27 21:03:48 - Sending heroes with green stamina bar to work!
2022-02-27 21:04:03 - 0 total heroes sent since the bot started
2022-02-27 21:04:47 - Starting bot...
2022-02-27 21:04:47 - Commands: 

 /print 
 /map 
 /bcoin 
 /id 
 /donation 
 /heroes 
 /AllWork 
 /Restart 
 /AllRest 
 /refresh 
 /Pause - Pause bot for 30min 
 /stop - Stop bot
2022-02-27 21:04:47 - Multi Account BETA is available. enable in config.yaml and Run: python index.py for tests.
2022-02-27 21:04:49 - Search for heroes to work
2022-02-27 21:04:57 - Sending heroes with green stamina bar to work!
2022-02-27 21:05:11 - 0 total heroes sent since the bot started
2022-02-27 21:07:11 - Starting bot...
2022-02-27 21:07:11 - Commands: 

 /print 
 /map 
 /bcoin 
 /id 
 /donation 
 /heroes 
 /AllWork 
 /Restart 
 /AllRest 
 /refresh 
 /Pause - Pause bot for 30min 
 /stop - Stop bot
2022-02-27 21:07:11 - Multi Account BETA is available. enable in config.yaml and Run: python index.py for tests.
2022-02-27 21:07:13 - Search for heroes to work
2022-02-27 21:07:22 - Sending heroes with green stamina bar to work!
2022-02-27 21:07:36 - 0 total heroes sent since the bot started
2022-02-27 21:07:53 - Bcoin: 
2022-02-27 21:13:20 - Starting bot...
2022-02-27 21:13:20 - Commands: 

 /print 
 /map 
 /bcoin 
 /id 
 /donation 
 /heroes 
 /AllWork 
 /Restart 
 /AllRest 
 /refresh 
 /Pause - Pause bot for 30min 
 /stop - Stop bot
2022-02-27 21:13:20 - Multi Account BETA is available. enable in config.yaml and Run: python index.py for tests.
2022-02-27 21:13:23 - Search for heroes to work
2022-02-27 21:13:27 - Sending heroes with green stamina bar to work!
2022-02-27 21:13:40 - 0 total heroes sent since the bot started
2022-02-27 21:13:51 - Bcoin: 
2022-02-27 21:14:38 - Bcoin: 
2022-02-27 21:14:48 - Shutting down the bot
2022-02-27 21:20:10 - Starting bot...
2022-02-27 21:20:10 - Commands: 

 /print 
 /map 
 /bcoin 
 /id 
 /donation 
 /heroes 
 /AllWork 
 /Restart 
 /AllRest 
 /refresh 
 /Pause - Pause bot for 30min 
 /stop - Stop bot
2022-02-27 21:20:10 - Multi Account BETA is available. enable in config.yaml and Run: python index.py for tests.
2022-02-27 21:20:11 - Search for heroes to work
2022-02-27 21:20:16 - Sending heroes with green stamina bar to work!
2022-02-27 21:20:27 - 0 total heroes sent since the bot started
2022-02-27 21:22:00 - Starting bot...
2022-02-27 21:22:00 - Commands: 

 /print 
 /map 
 /bcoin 
 /id 
 /donation 
 /heroes 
 /AllWork 
 /Restart 
 /AllRest 
 /refresh 
 /Pause - Pause bot for 30min 
 /stop - Stop bot
2022-02-27 21:22:00 - Multi Account BETA is available. enable in config.yaml and Run: python index.py for tests.
2022-02-27 21:22:02 - Search for heroes to work
2022-02-27 21:22:11 - Logout detected
2022-02-27 21:22:11 - Refreshing page
2022-02-27 21:22:16 - Connect wallet button detected, logging in!
2022-02-27 21:22:28 - Login failed, trying again
2022-02-27 21:22:41 - Login failed, trying again
2022-02-27 21:22:52 - Login failed, trying again
2022-02-27 21:23:08 - Starting bot...
2022-02-27 21:23:08 - Commands: 

 /print 
 /map 
 /bcoin 
 /id 
 /donation 
 /heroes 
 /AllWork 
 /Restart 
 /AllRest 
 /refresh 
 /Pause - Pause bot for 30min 
 /stop - Stop bot
2022-02-27 21:23:08 - Multi Account BETA is available. enable in config.yaml and Run: python index.py for tests.
2022-02-27 21:23:10 - Search for heroes to work
2022-02-27 21:23:51 - Sending heroes with green stamina bar to work!
2022-02-27 21:24:04 - 0 total heroes sent since the bot started
2022-02-27 21:24:25 - Your Chest image created
2022-02-27 21:24:52 - Your Chest image created
2022-02-27 21:29:25 - Starting bot...
2022-02-27 21:29:25 - Commands: 

 /print 
 /map 
 /bcoin 
 /id 
 /donation 
 /heroes 
 /AllWork 
 /Restart 
 /AllRest 
 /refresh 
 /Pause - Pause bot for 30min 
 /stop - Stop bot
2022-02-27 21:29:25 - Multi Account BETA is available. enable in config.yaml and Run: python index.py for tests.
2022-02-27 21:29:28 - Search for heroes to work
2022-02-27 21:30:08 - Sending heroes with green stamina bar to work!
2022-02-27 21:30:22 - 0 total heroes sent since the bot started
2022-02-27 21:30:37 - Your Chest image created
2022-02-27 21:30:46 - Bcoin: 00
2022-02-27 21:31:12 - Your Chest image created
2022-02-27 21:31:21 - Bcoin: 00
2022-02-27 21:32:13 - Shutting down the bot
2022-02-27 21:36:31 - Starting bot...
2022-02-27 21:36:31 - Commands: 

 /print 
 /map 
 /bcoin 
 /id 
 /donation 
 /heroes 
 /AllWork 
 /Restart 
 /AllRest 
 /refresh 
 /Pause - Pause bot for 30min 
 /stop - Stop bot
2022-02-27 21:36:31 - Multi Account BETA is available. enable in config.yaml and Run: python index.py for tests.
2022-02-27 21:36:34 - Search for heroes to work
2022-02-27 21:36:39 - Sending heroes with green stamina bar to work!
2022-02-27 21:36:53 - 0 total heroes sent since the bot started
2022-02-27 21:37:08 - Bcoin: 00
2022-02-27 21:37:24 - Error detected, trying to resolve
2022-02-27 21:37:25 - Refreshing page
2022-02-27 21:37:33 - Shutting down the bot
2022-02-27 21:58:18 - Starting bot...
2022-02-27 21:58:18 - Commands: 

 /print 
 /map 
 /bcoin 
 /id 
 /donation 
 /heroes 
 /AllWork 
 /Restart 
 /AllRest 
 /refresh 
 /Pause - Pause bot for 30min 
 /stop - Stop bot
2022-02-27 21:58:18 - Multi Account BETA is available. enable in config.yaml and Run: python index.py for tests.
2022-02-27 21:58:19 - Search for heroes to work
2022-02-27 21:58:28 - Starting bot...
2022-02-27 21:58:28 - Commands: 

 /print 
 /map 
 /bcoin 
 /id 
 /donation 
 /heroes 
 /AllWork 
 /Restart 
 /AllRest 
 /refresh 
 /Pause - Pause bot for 30min 
 /stop - Stop bot
2022-02-27 21:58:28 - Multi Account BETA is available. enable in config.yaml and Run: python index.py for tests.
2022-02-27 21:58:30 - Search for heroes to work
2022-02-27 21:58:35 - Sending heroes with green stamina bar to work!
2022-02-27 22:02:37 - Starting bot...
2022-02-27 22:02:37 - Commands: 

 /print 
 /map 
 /bcoin 
 /id 
 /donation 
 /heroes 
 /AllWork 
 /Restart 
 /AllRest 
 /refresh 
 /Pause - Pause bot for 30min 
 /stop - Stop bot
2022-02-27 22:02:37 - Multi Account BETA is available. enable in config.yaml and Run: python index.py for tests.
2022-02-27 22:02:38 - Search for heroes to work
2022-02-27 22:02:43 - Sending heroes with green stamina bar to work!
2022-02-28 15:09:04 - Starting bot...
2022-02-28 15:09:04 - Commands: 

 /print 
 /map 
 /bcoin 
 /id 
 /donation 
 /heroes 
 /AllWork 
 /Restart 
 /AllRest 
 /refresh 
 /Pause - Pause bot for 30min 
 /stop - Stop bot
2022-02-28 15:09:04 - Multi Account BETA is available. enable in config.yaml and Run: python index.py for tests.
2022-02-28 15:12:23 - Starting bot...
2022-02-28 15:12:23 - Commands: 

 /print 
 /map 
 /bcoin 
 /id 
 /donation 
 /heroes 
 /AllWork 
 /Restart 
 /AllRest 
 /refresh 
 /Pause - Pause bot for 30min 
 /stop - Stop bot
2022-02-28 15:12:23 - Multi Account BETA is available. enable in config.yaml and Run: python index.py for tests.
2022-02-28 15:12:49 - Starting bot...
2022-02-28 15:12:49 - Commands: 

 /print 
 /map 
 /bcoin 
 /id 
 /donation 
 /heroes 
 /AllWork 
 /Restart 
 /AllRest 
 /refresh 
 /Pause - Pause bot for 30min 
 /stop - Stop bot
2022-02-28 15:12:49 - Multi Account BETA is available. enable in config.yaml and Run: python index.py for tests.
2022-02-28 15:16:12 - Starting bot...
2022-02-28 15:16:12 - Commands: 

 /print 
 /map 
 /bcoin 
 /id 
 /donation 
 /heroes 
 /AllWork 
 /Restart 
 /AllRest 
 /refresh 
 /Pause - Pause bot for 30min 
 /stop - Stop bot
2022-02-28 15:16:12 - Multi Account BETA is available. enable in config.yaml and Run: python index.py for tests.
2022-02-28 15:20:23 - Starting bot...
2022-02-28 15:20:23 - Commands: 

 /print 
 /map 
 /bcoin 
 /id 
 /donation 
 /heroes 
 /AllWork 
 /Restart 
 /AllRest 
 /refresh 
 /Pause - Pause bot for 30min 
 /stop - Stop bot
2022-02-28 15:20:23 - Multi Account BETA is available. enable in config.yaml and Run: python index.py for tests.
2022-02-28 15:52:23 - Starting bot...
2022-02-28 15:52:23 - Commands: 

 /print 
 /map 
 /bcoin 
 /id 
 /donation 
 /heroes 
 /AllWork 
 /Restart 
 /AllRest 
 /refresh 
 /Pause - Pause bot for 30min 
 /stop - Stop bot
2022-02-28 15:52:23 - Multi Account BETA is available. enable in config.yaml and Run: python index.py for tests.
2022-02-28 15:56:57 - Starting bot...
2022-02-28 15:56:57 - Commands: 

 /print 
 /map 
 /bcoin 
 /id 
 /donation 
 /heroes 
 /AllWork 
 /Restart 
 /AllRest 
 /refresh 
 /Pause - Pause bot for 30min 
 /stop - Stop bot
2022-02-28 15:56:57 - Multi Account BETA is available. enable in config.yaml and Run: python index.py for tests.
2022-02-28 16:02:56 - Starting bot...
2022-02-28 16:02:56 - Commands: 

 /print 
 /map 
 /bcoin 
 /id 
 /donation 
 /heroes 
 /AllWork 
 /Restart 
 /AllRest 
 /refresh 
 /Pause - Pause bot for 30min 
 /stop - Stop bot
2022-02-28 16:02:56 - Multi Account BETA is available. enable in config.yaml and Run: python index.py for tests.
2022-02-28 16:07:33 - Starting bot...
2022-02-28 16:07:33 - Commands: 

 /print 
 /map 
 /bcoin 
 /id 
 /donation 
 /heroes 
 /AllWork 
 /Restart 
 /AllRest 
 /refresh 
 /Pause - Pause bot for 30min 
 /stop - Stop bot
2022-02-28 16:07:33 - Multi Account BETA is available. enable in config.yaml and Run: python index.py for tests.
2022-02-28 16:15:49 - Starting bot...
2022-02-28 16:15:49 - Commands: 

 /print 
 /map 
 /bcoin 
 /id 
 /donation 
 /heroes 
 /AllWork 
 /Restart 
 /AllRest 
 /refresh 
 /Pause - Pause bot for 30min 
 /stop - Stop bot
2022-02-28 16:15:49 - Multi Account BETA is available. enable in config.yaml and Run: python index.py for tests.
2022-02-28 16:20:23 - Starting bot...
2022-02-28 16:20:23 - Commands: 

 /print 
 /map 
 /bcoin 
 /id 
 /donation 
 /heroes 
 /AllWork 
 /Restart 
 /AllRest 
 /refresh 
 /Pause - Pause bot for 30min 
 /stop - Stop bot
2022-02-28 16:20:23 - Multi Account BETA is available. enable in config.yaml and Run: python index.py for tests.
2022-02-28 16:21:18 - Starting bot...
2022-02-28 16:21:18 - Commands: 

 /print 
 /map 
 /bcoin 
 /id 
 /donation 
 /heroes 
 /AllWork 
 /Restart 
 /AllRest 
 /refresh 
 /Pause - Pause bot for 30min 
 /stop - Stop bot
2022-02-28 16:21:18 - Multi Account BETA is available. enable in config.yaml and Run: python index.py for tests.
2022-02-28 16:35:02 - Starting bot...
2022-02-28 16:35:02 - Commands: 

 /print 
 /map 
 /bcoin 
 /id 
 /donation 
 /heroes 
 /AllWork 
 /Restart 
 /AllRest 
 /refresh 
 /Pause - Pause bot for 30min 
 /stop - Stop bot
2022-02-28 16:35:02 - Multi Account BETA is available. enable in config.yaml and Run: python index.py for tests.
2022-02-28 16:35:49 - Starting bot...
2022-02-28 16:35:49 - Commands: 

 /print 
 /map 
 /bcoin 
 /id 
 /donation 
 /heroes 
 /AllWork 
 /Restart 
 /AllRest 
 /refresh 
 /Pause - Pause bot for 30min 
 /stop - Stop bot
2022-02-28 16:35:49 - Multi Account BETA is available. enable in config.yaml and Run: python index.py for tests.
2022-02-28 16:37:58 - Starting bot...
2022-02-28 16:37:58 - Commands: 

 /print 
 /map 
 /bcoin 
 /id 
 /donation 
 /heroes 
 /AllWork 
 /Restart 
 /AllRest 
 /refresh 
 /Pause - Pause bot for 30min 
 /stop - Stop bot
2022-02-28 16:37:58 - Multi Account BETA is available. enable in config.yaml and Run: python index.py for tests.
2022-02-28 16:38:33 - Shutting down the bot
2022-02-28 16:45:34 - Starting bot...
2022-02-28 16:45:34 - Commands: 

 /print 
 /map 
 /bcoin 
 /id 
 /donation 
 /heroes 
 /AllWork 
 /Restart 
 /AllRest 
 /refresh 
 /Pause - Pause bot for 30min 
 /stop - Stop bot
2022-02-28 16:45:34 - Multi Account BETA is available. enable in config.yaml and Run: python index.py for tests.
2022-02-28 17:51:55 - Starting bot...
2022-02-28 17:51:56 - Commands: 

 /print 
 /map 
 /bcoin 
 /id 
 /donation 
 /heroes 
 /AllWork 
 /Restart 
 /AllRest 
 /refresh 
 /Pause - Pause bot for 30min 
 /stop - Stop bot
2022-02-28 17:51:56 - Multi Account BETA is available. enable in config.yaml and Run: python index.py for tests.
2022-02-28 17:52:07 - Shutting down the bot
2022-02-28 19:55:49 - Starting bot...
2022-02-28 19:55:49 - Commands: 

 /print 
 /map 
 /bcoin 
 /id 
 /donation 
 /heroes 
 /AllWork 
 /Restart 
 /AllRest 
 /refresh 
 /Pause - Pause bot for 30min 
 /stop - Stop bot
2022-02-28 19:55:49 - Multi Account BETA is available. enable in config.yaml and Run: python index.py for tests.
2022-02-28 20:02:21 - Starting bot...
2022-02-28 20:02:21 - Commands: 

 /print 
 /map 
 /bcoin 
 /id 
 /donation 
 /heroes 
 /AllWork 
 /Restart 
 /AllRest 
 /refresh 
 /Pause - Pause bot for 30min 
 /stop - Stop bot
2022-02-28 20:02:21 - Multi Account BETA is available. enable in config.yaml and Run: python index.py for tests.
2022-02-28 20:03:00 - Shutting down the bot
2022-02-28 20:03:19 - Starting bot...
2022-02-28 20:03:19 - Commands: 

 /print 
 /map 
 /bcoin 
 /id 
 /donation 
 /heroes 
 /AllWork 
 /Restart 
 /AllRest 
 /refresh 
 /Pause - Pause bot for 30min 
 /stop - Stop bot
2022-02-28 20:03:19 - Multi Account BETA is available. enable in config.yaml and Run: python index.py for tests.
2022-02-28 20:03:58 - Shutting down the bot
2022-02-28 20:04:08 - Starting bot...
2022-02-28 20:04:08 - Commands: 

 /print 
 /map 
 /bcoin 
 /id 
 /donation 
 /heroes 
 /AllWork 
 /Restart 
 /AllRest 
 /refresh 
 /Pause - Pause bot for 30min 
 /stop - Stop bot
2022-02-28 20:04:08 - Multi Account BETA is available. enable in config.yaml and Run: python index.py for tests.
2022-02-28 20:05:19 - Starting bot...
2022-02-28 20:05:19 - Commands: 

 /print 
 /map 
 /bcoin 
 /id 
 /donation 
 /heroes 
 /AllWork 
 /Restart 
 /AllRest 
 /refresh 
 /Pause - Pause bot for 30min 
 /stop - Stop bot
2022-02-28 20:05:19 - Multi Account BETA is available. enable in config.yaml and Run: python index.py for tests.
2022-02-28 20:05:38 - Shutting down the bot
2022-02-28 20:05:56 - Starting bot...
2022-02-28 20:05:56 - Commands: 

 /print 
 /map 
 /bcoin 
 /id 
 /donation 
 /heroes 
 /AllWork 
 /Restart 
 /AllRest 
 /refresh 
 /Pause - Pause bot for 30min 
 /stop - Stop bot
2022-02-28 20:05:56 - Multi Account BETA is available. enable in config.yaml and Run: python index.py for tests.
2022-02-28 23:57:34 - Starting bot...
2022-02-28 23:57:34 - Commands: 

 /print 
 /map 
 /bcoin 
 /id 
 /donation 
 /heroes 
 /AllWork 
 /Restart 
 /AllRest 
 /refresh 
 /Pause - Pause bot for 30min 
 /stop - Stop bot
2022-02-28 23:57:34 - Multi Account BETA is available. enable in config.yaml and Run: python index.py for tests.
2022-02-28 23:57:57 - Shutting down the bot
2022-02-28 23:58:07 - Starting bot...
2022-02-28 23:58:07 - Commands: 

 /print 
 /map 
 /bcoin 
 /id 
 /donation 
 /heroes 
 /AllWork 
 /Restart 
 /AllRest 
 /refresh 
 /Pause - Pause bot for 30min 
 /stop - Stop bot
2022-02-28 23:58:07 - Multi Account BETA is available. enable in config.yaml and Run: python index.py for tests.
2022-03-01 00:21:11 - Starting bot...
2022-03-01 00:21:11 - Commands: 

 /print 
 /map 
 /bcoin 
 /id 
 /donation 
 /heroes 
 /AllWork 
 /Restart 
 /AllRest 
 /refresh 
 /Pause - Pause bot for 30min 
 /stop - Stop bot
2022-03-01 00:21:11 - Multi Account BETA is available. enable in config.yaml and Run: python index.py for tests.
2022-03-01 00:21:29 - Starting bot...
2022-03-01 00:21:29 - Commands: 

 /print 
 /map 
 /bcoin 
 /id 
 /donation 
 /heroes 
 /AllWork 
 /Restart 
 /AllRest 
 /refresh 
 /Pause - Pause bot for 30min 
 /stop - Stop bot
2022-03-01 00:21:29 - Multi Account BETA is available. enable in config.yaml and Run: python index.py for tests.
2022-03-01 00:22:48 - Starting bot...
2022-03-01 00:22:48 - Commands: 

 /print 
 /map 
 /bcoin 
 /id 
 /donation 
 /heroes 
 /AllWork 
 /Restart 
 /AllRest 
 /refresh 
 /Pause - Pause bot for 30min 
 /stop - Stop bot
2022-03-01 00:22:48 - Multi Account BETA is available. enable in config.yaml and Run: python index.py for tests.
2022-03-01 00:23:31 - Starting bot...
2022-03-01 00:23:31 - Commands: 

 /print 
 /map 
 /bcoin 
 /id 
 /donation 
 /heroes 
 /AllWork 
 /Restart 
 /AllRest 
 /refresh 
 /Pause - Pause bot for 30min 
 /stop - Stop bot
2022-03-01 00:23:31 - Multi Account BETA is available. enable in config.yaml and Run: python index.py for tests.
2022-03-01 00:24:44 - Starting bot...
2022-03-01 00:24:44 - Commands: 

 /print 
 /map 
 /bcoin 
 /id 
 /donation 
 /heroes 
 /AllWork 
 /Restart 
 /AllRest 
 /refresh 
 /Pause - Pause bot for 30min 
 /stop - Stop bot
2022-03-01 00:24:44 - Multi Account BETA is available. enable in config.yaml and Run: python index.py for tests.
2022-03-01 00:27:06 - Starting bot...
2022-03-01 00:27:06 - Commands: 

 /print 
 /map 
 /bcoin 
 /id 
 /donation 
 /heroes 
 /AllWork 
 /Restart 
 /AllRest 
 /refresh 
 /Pause - Pause bot for 30min 
 /stop - Stop bot
2022-03-01 00:27:06 - Multi Account BETA is available. enable in config.yaml and Run: python index.py for tests.
2022-03-01 00:27:41 - Starting bot...
2022-03-01 00:27:41 - Commands: 

 /print 
 /map 
 /bcoin 
 /id 
 /donation 
 /heroes 
 /AllWork 
 /Restart 
 /AllRest 
 /refresh 
 /Pause - Pause bot for 30min 
 /stop - Stop bot
2022-03-01 00:27:41 - Multi Account BETA is available. enable in config.yaml and Run: python index.py for tests.
2022-03-01 00:35:23 - Starting bot...
2022-03-01 00:35:23 - Commands: 

 /print 
 /map 
 /bcoin 
 /id 
 /donation 
 /heroes 
 /AllWork 
 /Restart 
 /AllRest 
 /refresh 
 /Pause - Pause bot for 30min 
 /stop - Stop bot
2022-03-01 00:35:23 - Multi Account BETA is available. enable in config.yaml and Run: python index.py for tests.
2022-03-01 00:35:52 - Starting bot...
2022-03-01 00:35:52 - Commands: 

 /print 
 /map 
 /bcoin 
 /id 
 /donation 
 /heroes 
 /AllWork 
 /Restart 
 /AllRest 
 /refresh 
 /Pause - Pause bot for 30min 
 /stop - Stop bot
2022-03-01 00:35:52 - Multi Account BETA is available. enable in config.yaml and Run: python index.py for tests.
2022-03-01 00:39:48 - Starting bot...
2022-03-01 00:39:48 - Commands: 

 /print 
 /map 
 /bcoin 
 /id 
 /donation 
 /heroes 
 /AllWork 
 /Restart 
 /AllRest 
 /refresh 
 /Pause - Pause bot for 30min 
 /stop - Stop bot
2022-03-01 00:39:48 - Multi Account BETA is available. enable in config.yaml and Run: python index.py for tests.
2022-03-01 00:44:18 - Starting bot...
2022-03-01 00:44:18 - Commands: 

 /print 
 /map 
 /bcoin 
 /id 
 /donation 
 /heroes 
 /AllWork 
 /Restart 
 /AllRest 
 /refresh 
 /Pause - Pause bot for 30min 
 /stop - Stop bot
2022-03-01 00:44:18 - Multi Account BETA is available. enable in config.yaml and Run: python index.py for tests.
2022-03-01 00:46:48 - Starting bot...
2022-03-01 00:46:48 - Commands: 

 /print 
 /map 
 /bcoin 
 /id 
 /donation 
 /heroes 
 /AllWork 
 /Restart 
 /AllRest 
 /refresh 
 /Pause - Pause bot for 30min 
 /stop - Stop bot
2022-03-01 00:46:48 - Multi Account BETA is available. enable in config.yaml and Run: python index.py for tests.
2022-03-01 00:47:29 - Starting bot...
2022-03-01 00:47:29 - Commands: 

 /print 
 /map 
 /bcoin 
 /id 
 /donation 
 /heroes 
 /AllWork 
 /Restart 
 /AllRest 
 /refresh 
 /Pause - Pause bot for 30min 
 /stop - Stop bot
2022-03-01 00:47:29 - Multi Account BETA is available. enable in config.yaml and Run: python index.py for tests.
2022-03-01 00:50:35 - Starting bot...
2022-03-01 00:50:35 - Commands: 

 /print 
 /map 
 /bcoin 
 /id 
 /donation 
 /heroes 
 /AllWork 
 /Restart 
 /AllRest 
 /refresh 
 /Pause - Pause bot for 30min 
 /stop - Stop bot
2022-03-01 00:50:35 - Multi Account BETA is available. enable in config.yaml and Run: python index.py for tests.
2022-03-01 00:51:21 - Starting bot...
2022-03-01 00:51:21 - Commands: 

 /print 
 /map 
 /bcoin 
 /id 
 /donation 
 /heroes 
 /AllWork 
 /Restart 
 /AllRest 
 /refresh 
 /Pause - Pause bot for 30min 
 /stop - Stop bot
2022-03-01 00:51:21 - Multi Account BETA is available. enable in config.yaml and Run: python index.py for tests.
2022-03-01 00:53:48 - Starting bot...
2022-03-01 00:53:48 - Commands: 

 /print 
 /map 
 /bcoin 
 /id 
 /donation 
 /heroes 
 /AllWork 
 /Restart 
 /AllRest 
 /refresh 
 /Pause - Pause bot for 30min 
 /stop - Stop bot
2022-03-01 00:53:48 - Multi Account BETA is available. enable in config.yaml and Run: python index.py for tests.
2022-03-01 00:53:59 - Shutting down the bot
2022-03-01 01:05:46 - Starting bot...
2022-03-01 01:05:46 - Commands: 

 /print 
 /map 
 /bcoin 
 /id 
 /donation 
 /heroes 
 /AllWork 
 /Restart 
 /AllRest 
 /refresh 
 /Pause - Pause bot for 30min 
 /stop - Stop bot
2022-03-01 01:05:46 - Multi Account BETA is available. enable in config.yaml and Run: python index.py for tests.
2022-03-01 01:05:55 - Shutting down the bot
2022-03-01 01:06:39 - Starting bot...
2022-03-01 01:06:39 - Commands: 

 /print 
 /map 
 /bcoin 
 /id 
 /donation 
 /heroes 
 /AllWork 
 /Restart 
 /AllRest 
 /refresh 
 /Pause - Pause bot for 30min 
 /stop - Stop bot
2022-03-01 01:06:39 - Multi Account BETA is available. enable in config.yaml and Run: python index.py for tests.
2022-03-01 01:06:45 - 👁️  Found 0 Heroes resting:
2022-03-01 01:07:03 - Shutting down the bot
2022-03-01 01:09:01 - Starting bot...
2022-03-01 01:09:01 - Commands: 

 /print 
 /map 
 /bcoin 
 /id 
 /donation 
 /heroes 
 /AllWork 
 /Restart 
 /AllRest 
 /refresh 
 /Pause - Pause bot for 30min 
 /stop - Stop bot
2022-03-01 01:09:01 - Multi Account BETA is available. enable in config.yaml and Run: python index.py for tests.
2022-03-01 01:09:20 - 👁️  Found 0 Heroes resting:
2022-03-01 01:09:26 - Shutting down the bot
2022-03-01 01:11:22 - Starting bot...
2022-03-01 01:11:22 - Commands: 

 /print 
 /map 
 /bcoin 
 /id 
 /donation 
 /heroes 
 /AllWork 
 /Restart 
 /AllRest 
 /refresh 
 /Pause - Pause bot for 30min 
 /stop - Stop bot
2022-03-01 01:11:22 - Multi Account BETA is available. enable in config.yaml and Run: python index.py for tests.
2022-03-01 01:13:05 - Starting bot...
2022-03-01 01:13:05 - Commands: 

 /print 
 /map 
 /bcoin 
 /id 
 /donation 
 /heroes 
 /AllWork 
 /Restart 
 /AllRest 
 /refresh 
 /Pause - Pause bot for 30min 
 /stop - Stop bot
2022-03-01 01:13:05 - Multi Account BETA is available. enable in config.yaml and Run: python index.py for tests.
2022-03-01 01:13:52 - Shutting down the bot
2022-03-01 01:14:30 - Starting bot...
2022-03-01 01:14:30 - Commands: 

 /print 
 /map 
 /bcoin 
 /id 
 /donation 
 /heroes 
 /AllWork 
 /Restart 
 /AllRest 
 /refresh 
 /Pause - Pause bot for 30min 
 /stop - Stop bot
2022-03-01 01:14:30 - Multi Account BETA is available. enable in config.yaml and Run: python index.py for tests.
2022-03-01 01:24:03 - Starting bot...
2022-03-01 01:24:03 - Commands: 

 /print 
 /map 
 /bcoin 
 /id 
 /donation 
 /heroes 
 /AllWork 
 /Restart 
 /AllRest 
 /refresh 
 /Pause - Pause bot for 30min 
 /stop - Stop bot
2022-03-01 01:24:03 - Multi Account BETA is available. enable in config.yaml and Run: python index.py for tests.
2022-03-01 01:24:54 - Starting bot...
2022-03-01 01:24:54 - Commands: 

 /print 
 /map 
 /bcoin 
 /id 
 /donation 
 /heroes 
 /AllWork 
 /Restart 
 /AllRest 
 /refresh 
 /Pause - Pause bot for 30min 
 /stop - Stop bot
2022-03-01 01:24:54 - Multi Account BETA is available. enable in config.yaml and Run: python index.py for tests.
2022-03-01 01:26:09 - Shutting down the bot
2022-03-01 01:27:07 - Starting bot...
2022-03-01 01:27:07 - Commands: 

 /print 
 /map 
 /bcoin 
 /id 
 /donation 
 /heroes 
 /AllWork 
 /Restart 
 /AllRest 
 /refresh 
 /Pause - Pause bot for 30min 
 /stop - Stop bot
2022-03-01 01:27:07 - Multi Account BETA is available. enable in config.yaml and Run: python index.py for tests.
2022-03-01 01:32:27 - Starting bot...
2022-03-01 01:32:27 - Commands: 

 /print 
 /map 
 /bcoin 
 /id 
 /donation 
 /heroes 
 /AllWork 
 /Restart 
 /AllRest 
 /refresh 
 /Pause - Pause bot for 30min 
 /stop - Stop bot
2022-03-01 01:32:27 - Multi Account BETA is available. enable in config.yaml and Run: python index.py for tests.
2022-03-01 01:32:35 - Shutting down the bot
2022-03-01 01:32:49 - Starting bot...
2022-03-01 01:32:49 - Commands: 

 /print 
 /map 
 /bcoin 
 /id 
 /donation 
 /heroes 
 /AllWork 
 /Restart 
 /AllRest 
 /refresh 
 /Pause - Pause bot for 30min 
 /stop - Stop bot
2022-03-01 01:32:49 - Multi Account BETA is available. enable in config.yaml and Run: python index.py for tests.
2022-03-01 01:34:01 - Starting bot...
2022-03-01 01:34:01 - Commands: 

 /print 
 /map 
 /bcoin 
 /id 
 /donation 
 /heroes 
 /AllWork 
 /Restart 
 /AllRest 
 /refresh 
 /Pause - Pause bot for 30min 
 /stop - Stop bot
2022-03-01 01:34:01 - Multi Account BETA is available. enable in config.yaml and Run: python index.py for tests.
2022-03-01 01:36:25 - Starting bot...
2022-03-01 01:36:25 - Commands: 

 /print 
 /map 
 /bcoin 
 /id 
 /donation 
 /heroes 
 /AllWork 
 /Restart 
 /AllRest 
 /refresh 
 /Pause - Pause bot for 30min 
 /stop - Stop bot
2022-03-01 01:36:25 - Multi Account BETA is available. enable in config.yaml and Run: python index.py for tests.
2022-03-01 01:39:24 - Starting bot...
2022-03-01 01:39:24 - Commands: 

 /print 
 /map 
 /bcoin 
 /id 
 /donation 
 /heroes 
 /AllWork 
 /Restart 
 /AllRest 
 /refresh 
 /Pause - Pause bot for 30min 
 /stop - Stop bot
2022-03-01 01:39:24 - Multi Account BETA is available. enable in config.yaml and Run: python index.py for tests.
2022-03-01 01:41:12 - 💤
2022-03-01 01:41:12 - 💤
2022-03-01 01:41:12 - 💤
2022-03-01 01:41:12 - 💤
2022-03-01 01:42:58 - 💤
2022-03-01 01:42:58 - 💤
2022-03-01 01:42:58 - 🏃 16 new heros sent to explode everything 💣💣💣.
2022-03-01 01:43:29 - Bcoin: ,32
2022-03-01 01:43:46 - Shutting down the bot
2022-03-01 01:54:39 - Starting bot...
2022-03-01 01:54:39 - Commands: 

 /print 
 /map 
 /bcoin 
 /id 
 /donation 
 /heroes 
 /AllWork 
 /Restart 
 /AllRest 
 /refresh 
 /Pause - Pause bot for 30min 
 /stop - Stop bot
2022-03-01 01:54:39 - Multi Account BETA is available. enable in config.yaml and Run: python index.py for tests.
2022-03-01 01:54:45 - Search for heroes to work
2022-03-01 01:55:07 - 💤
2022-03-01 01:55:07 - 💤
2022-03-01 01:55:07 - Sending all heroes to work!
2022-03-01 01:56:16 - Starting bot...
2022-03-01 01:56:16 - Commands: 

 /print 
 /map 
 /bcoin 
 /id 
 /donation 
 /heroes 
 /AllWork 
 /Restart 
 /AllRest 
 /refresh 
 /Pause - Pause bot for 30min 
 /stop - Stop bot
2022-03-01 01:56:16 - Multi Account BETA is available. enable in config.yaml and Run: python index.py for tests.
2022-03-01 01:56:18 - Search for heroes to work
2022-03-01 01:56:35 - 💤
2022-03-01 01:56:35 - 💤
2022-03-01 01:56:35 - Sending all heroes to work!
2022-03-01 01:56:39 - 💤
2022-03-01 01:56:39 - 💤
2022-03-01 01:57:24 - Sending all heroes to work!
2022-03-01 01:57:28 - 💤
2022-03-01 01:57:28 - 💤
2022-03-01 01:57:28 - Sending all heroes to work!
2022-03-01 01:57:32 - 💤
2022-03-01 01:58:17 - 💤
2022-03-01 01:58:17 - Sending all heroes to work!
2022-03-01 01:58:21 - Sending all heroes to work!
2022-03-01 01:58:25 - Sending all heroes to work!
2022-03-01 01:58:30 - Sending all heroes to work!
2022-03-01 01:59:19 - 💤
2022-03-01 01:59:19 - 💤
2022-03-01 01:59:19 - 💤
2022-03-01 01:59:19 - 💤
2022-03-01 01:59:19 - 💤
2022-03-01 01:59:19 - [1, 2, 4, 0] total heroes sent since the bot started
2022-03-01 01:59:19 - 🏃 7 new heros sent to explode everything 💣💣💣.
2022-03-01 01:59:50 - Bcoin: 44,4069902
2022-03-01 02:00:24 - Bcoin: 44,46992
2022-03-01 02:00:34 - Refreshing heroes positions
2022-03-01 02:01:27 - Bcoin: 44,46992
2022-03-01 02:02:09 - Shutting down the bot
2022-03-01 02:07:26 - Starting bot...
2022-03-01 02:07:26 - Commands: 

 /print 
 /map 
 /bcoin 
 /id 
 /donation 
 /heroes 
 /AllWork 
 /Restart 
 /AllRest 
 /refresh 
 /Pause - Pause bot for 30min 
 /stop - Stop bot
2022-03-01 02:07:27 - Multi Account BETA is available. enable in config.yaml and Run: python index.py for tests.
2022-03-01 02:07:31 - Search for heroes to work
2022-03-01 02:10:05 - [0, 0, 0, 0] total heroes sent since the bot started
2022-03-01 02:10:05 - 🏃 0 new heros sent to explode everything 💣💣💣.
2022-03-01 02:10:16 - Bcoin: 
2022-03-01 02:10:35 - Bcoin: 
2022-03-01 02:10:49 - Refreshing heroes positions
2022-03-01 02:11:11 - Shutting down the bot
